11:00:00.185 [main] INFO  o.s.d.r.c.RepositoryConfigurationDelegate - Bootstrapping Spring Data MongoDB repositories in DEFAULT mode.
11:00:00.286 [main] INFO  o.s.d.r.c.RepositoryConfigurationDelegate - Finished Spring Data repository scanning in 93 ms. Found 3 MongoDB repository interfaces.
11:00:00.912 [main] INFO  o.s.b.w.e.tomcat.TomcatWebServer - Tomcat initialized with port(s): 8002 (http)
11:00:00.918 [main] INFO  o.a.coyote.http11.Http11NioProtocol - Initializing ProtocolHandler ["http-nio-8002"]
11:00:00.919 [main] INFO  o.a.catalina.core.StandardService - Starting service [Tomcat]
11:00:00.919 [main] INFO  o.a.catalina.core.StandardEngine - Starting Servlet engine: [Apache Tomcat/9.0.83]
11:00:00.979 [main] INFO  o.a.c.c.C.[.[localhost].[/journel] - Initializing Spring embedded WebApplicationContext
11:00:00.980 [main] INFO  o.s.b.w.s.c.ServletWebServerApplicationContext - Root WebApplicationContext: initialization completed in 1418 ms
11:00:01.213 [main] INFO  org.mongodb.driver.client - MongoClient with metadata {"driver": {"name": "mongo-java-driver|sync|spring-boot", "version": "4.6.1"}, "os": {"type": "Windows", "name": "Windows 11", "architecture": "amd64", "version": "10.0"}, "platform": "Java/Oracle Corporation/25+36-3489"} created with settings MongoClientSettings{readPreference=primary, writeConcern=WriteConcern{w=null, wTimeout=null ms, journal=null}, retryWrites=true, retryReads=true, readConcern=ReadConcern{level=null}, credential=null, streamFactoryFactory=null, commandListeners=[], codecRegistry=ProvidersCodecRegistry{codecProviders=[ValueCodecProvider{}, BsonValueCodecProvider{}, DBRefCodecProvider{}, DBObjectCodecProvider{}, DocumentCodecProvider{}, IterableCodecProvider{}, MapCodecProvider{}, GeoJsonCodecProvider{}, GridFSFileCodecProvider{}, Jsr310CodecProvider{}, JsonObjectCodecProvider{}, BsonCodecProvider{}, EnumCodecProvider{}, com.mongodb.Jep395RecordCodecProvider@2404b5a]}, clusterSettings={hosts=[localhost:27017], srvServiceName=mongodb, mode=SINGLE, requiredClusterType=UNKNOWN, requiredReplicaSetName='null', serverSelector='null', clusterListeners='[]', serverSelectionTimeout='30000 ms', localThreshold='30000 ms'}, socketSettings=SocketSettings{connectTimeoutMS=10000, readTimeoutMS=0, receiveBufferSize=0, sendBufferSize=0}, heartbeatSocketSettings=SocketSettings{connectTimeoutMS=10000, readTimeoutMS=10000, receiveBufferSize=0, sendBufferSize=0}, connectionPoolSettings=ConnectionPoolSettings{maxSize=100, minSize=0, maxWaitTimeMS=120000, maxConnectionLifeTimeMS=0, maxConnectionIdleTimeMS=0, maintenanceInitialDelayMS=0, maintenanceFrequencyMS=60000, connectionPoolListeners=[], maxConnecting=2}, serverSettings=ServerSettings{heartbeatFrequencyMS=10000, minHeartbeatFrequencyMS=500, serverListeners='[]', serverMonitorListeners='[]'}, sslSettings=SslSettings{enabled=false, invalidHostNameAllowed=false, context=null}, applicationName='null', compressorList=[], uuidRepresentation=JAVA_LEGACY, serverApi=null, autoEncryptionSettings=null, contextProvider=null}
11:00:01.231 [cluster-ClusterId{value='691d790123edb23ea918d173', description='null'}-localhost:27017] INFO  org.mongodb.driver.connection - Opened connection [connectionId{localValue:2, serverValue:347}] to localhost:27017
11:00:01.231 [cluster-rtt-ClusterId{value='691d790123edb23ea918d173', description='null'}-localhost:27017] INFO  org.mongodb.driver.connection - Opened connection [connectionId{localValue:1, serverValue:348}] to localhost:27017
11:00:01.232 [cluster-ClusterId{value='691d790123edb23ea918d173', description='null'}-localhost:27017] INFO  org.mongodb.driver.cluster - Monitor thread successfully connected to server with description ServerDescription{address=localhost:27017, type=STANDALONE, state=CONNECTED, ok=true, minWireVersion=0, maxWireVersion=27, maxDocumentSize=16777216, logicalSessionTimeoutMinutes=30, roundTripTimeNanos=20830800}
11:00:01.521 [main] INFO  org.mongodb.driver.connection - Opened connection [connectionId{localValue:3, serverValue:349}] to localhost:27017
11:00:01.835 [main] INFO  o.s.s.web.DefaultSecurityFilterChain - Will secure any request with [org.springframework.security.web.session.DisableEncodeUrlFilter@51b87df7, org.springframework.security.web.context.request.async.WebAsyncManagerIntegrationFilter@2315052d, org.springframework.security.web.context.SecurityContextPersistenceFilter@115c946b, org.springframework.security.web.header.HeaderWriterFilter@27e199ce, org.springframework.security.web.authentication.logout.LogoutFilter@e3899fd, org.springframework.security.web.authentication.www.BasicAuthenticationFilter@7a3f08b6, org.springframework.security.web.savedrequest.RequestCacheAwareFilter@54f6b629, org.springframework.security.web.servletapi.SecurityContextHolderAwareRequestFilter@70c29356, org.springframework.security.web.authentication.AnonymousAuthenticationFilter@634e1b39, org.springframework.security.web.session.SessionManagementFilter@5627cb29, org.springframework.security.web.access.ExceptionTranslationFilter@454bcbbf, org.springframework.security.web.access.intercept.FilterSecurityInterceptor@72af90e8]
11:00:02.080 [main] INFO  o.a.coyote.http11.Http11NioProtocol - Starting ProtocolHandler ["http-nio-8002"]
11:00:02.102 [main] INFO  o.s.b.w.e.tomcat.TomcatWebServer - Tomcat started on port(s): 8002 (http) with context path '/journel'
11:00:02.111 [main] INFO  com.example.demo.RestApiApplication - Started RestApiApplication in 2.955 seconds (JVM running for 3.366)
11:00:14.997 [http-nio-8002-exec-2] INFO  o.a.c.c.C.[.[localhost].[/journel] - Initializing Spring DispatcherServlet 'dispatcherServlet'
11:00:14.997 [http-nio-8002-exec-2] INFO  o.s.web.servlet.DispatcherServlet - Initializing Servlet 'dispatcherServlet'
11:00:14.999 [http-nio-8002-exec-2] INFO  o.s.web.servlet.DispatcherServlet - Completed initialization in 1 ms
11:00:15.397 [http-nio-8002-exec-2] ERROR c.example.demo.Service.ClientService - error occur for test 3
11:02:34.163 [main] INFO  com.example.demo.RestApiApplication - Starting RestApiApplication using Java 25 on PCA with PID 17516 (C:\Java\demo\target\classes started by PCA1 in C:\Java\demo)
11:02:34.165 [main] INFO  com.example.demo.RestApiApplication - No active profile set, falling back to 1 default profile: "default"
11:02:34.738 [main] INFO  o.s.d.r.c.RepositoryConfigurationDelegate - Bootstrapping Spring Data MongoDB repositories in DEFAULT mode.
11:02:34.794 [main] INFO  o.s.d.r.c.RepositoryConfigurationDelegate - Finished Spring Data repository scanning in 52 ms. Found 3 MongoDB repository interfaces.
11:02:35.264 [main] INFO  o.s.b.w.e.tomcat.TomcatWebServer - Tomcat initialized with port(s): 8002 (http)
11:02:35.272 [main] INFO  o.a.coyote.http11.Http11NioProtocol - Initializing ProtocolHandler ["http-nio-8002"]
11:02:35.276 [main] INFO  o.a.catalina.core.StandardService - Starting service [Tomcat]
11:02:35.276 [main] INFO  o.a.catalina.core.StandardEngine - Starting Servlet engine: [Apache Tomcat/9.0.83]
11:02:35.356 [main] INFO  o.a.c.c.C.[.[localhost].[/journel] - Initializing Spring embedded WebApplicationContext
11:02:35.356 [main] INFO  o.s.b.w.s.c.ServletWebServerApplicationContext - Root WebApplicationContext: initialization completed in 1137 ms
11:02:35.586 [main] INFO  org.mongodb.driver.client - MongoClient with metadata {"driver": {"name": "mongo-java-driver|sync|spring-boot", "version": "4.6.1"}, "os": {"type": "Windows", "name": "Windows 11", "architecture": "amd64", "version": "10.0"}, "platform": "Java/Oracle Corporation/25+36-3489"} created with settings MongoClientSettings{readPreference=primary, writeConcern=WriteConcern{w=null, wTimeout=null ms, journal=null}, retryWrites=true, retryReads=true, readConcern=ReadConcern{level=null}, credential=null, streamFactoryFactory=null, commandListeners=[], codecRegistry=ProvidersCodecRegistry{codecProviders=[ValueCodecProvider{}, BsonValueCodecProvider{}, DBRefCodecProvider{}, DBObjectCodecProvider{}, DocumentCodecProvider{}, IterableCodecProvider{}, MapCodecProvider{}, GeoJsonCodecProvider{}, GridFSFileCodecProvider{}, Jsr310CodecProvider{}, JsonObjectCodecProvider{}, BsonCodecProvider{}, EnumCodecProvider{}, com.mongodb.Jep395RecordCodecProvider@d48e998]}, clusterSettings={hosts=[localhost:27017], srvServiceName=mongodb, mode=SINGLE, requiredClusterType=UNKNOWN, requiredReplicaSetName='null', serverSelector='null', clusterListeners='[]', serverSelectionTimeout='30000 ms', localThreshold='30000 ms'}, socketSettings=SocketSettings{connectTimeoutMS=10000, readTimeoutMS=0, receiveBufferSize=0, sendBufferSize=0}, heartbeatSocketSettings=SocketSettings{connectTimeoutMS=10000, readTimeoutMS=10000, receiveBufferSize=0, sendBufferSize=0}, connectionPoolSettings=ConnectionPoolSettings{maxSize=100, minSize=0, maxWaitTimeMS=120000, maxConnectionLifeTimeMS=0, maxConnectionIdleTimeMS=0, maintenanceInitialDelayMS=0, maintenanceFrequencyMS=60000, connectionPoolListeners=[], maxConnecting=2}, serverSettings=ServerSettings{heartbeatFrequencyMS=10000, minHeartbeatFrequencyMS=500, serverListeners='[]', serverMonitorListeners='[]'}, sslSettings=SslSettings{enabled=false, invalidHostNameAllowed=false, context=null}, applicationName='null', compressorList=[], uuidRepresentation=JAVA_LEGACY, serverApi=null, autoEncryptionSettings=null, contextProvider=null}
11:02:35.600 [cluster-rtt-ClusterId{value='691d799b5ec318629d9e9594', description='null'}-localhost:27017] INFO  org.mongodb.driver.connection - Opened connection [connectionId{localValue:2, serverValue:351}] to localhost:27017
11:02:35.600 [cluster-ClusterId{value='691d799b5ec318629d9e9594', description='null'}-localhost:27017] INFO  org.mongodb.driver.connection - Opened connection [connectionId{localValue:1, serverValue:350}] to localhost:27017
11:02:35.601 [cluster-ClusterId{value='691d799b5ec318629d9e9594', description='null'}-localhost:27017] INFO  org.mongodb.driver.cluster - Monitor thread successfully connected to server with description ServerDescription{address=localhost:27017, type=STANDALONE, state=CONNECTED, ok=true, minWireVersion=0, maxWireVersion=27, maxDocumentSize=16777216, logicalSessionTimeoutMinutes=30, roundTripTimeNanos=17733900}
11:02:35.842 [main] INFO  org.mongodb.driver.connection - Opened connection [connectionId{localValue:3, serverValue:352}] to localhost:27017
11:02:36.069 [main] INFO  o.s.s.web.DefaultSecurityFilterChain - Will secure any request with [org.springframework.security.web.session.DisableEncodeUrlFilter@3cc9632d, org.springframework.security.web.context.request.async.WebAsyncManagerIntegrationFilter@53982523, org.springframework.security.web.context.SecurityContextPersistenceFilter@2c9fdb64, org.springframework.security.web.header.HeaderWriterFilter@7ceb6c45, org.springframework.security.web.authentication.logout.LogoutFilter@336f49a1, org.springframework.security.web.authentication.www.BasicAuthenticationFilter@7faa0680, org.springframework.security.web.savedrequest.RequestCacheAwareFilter@1c3b6963, org.springframework.security.web.servletapi.SecurityContextHolderAwareRequestFilter@ceb7701, org.springframework.security.web.authentication.AnonymousAuthenticationFilter@489110c2, org.springframework.security.web.session.SessionManagementFilter@20256a0b, org.springframework.security.web.access.ExceptionTranslationFilter@561f9d92, org.springframework.security.web.access.intercept.FilterSecurityInterceptor@79cb8ffa]
11:02:36.300 [main] INFO  o.a.coyote.http11.Http11NioProtocol - Starting ProtocolHandler ["http-nio-8002"]
11:02:36.315 [main] INFO  o.s.b.w.e.tomcat.TomcatWebServer - Tomcat started on port(s): 8002 (http) with context path '/journel'
11:02:36.321 [main] INFO  com.example.demo.RestApiApplication - Started RestApiApplication in 2.474 seconds (JVM running for 2.883)
11:16:41.820 [http-nio-8002-exec-2] INFO  o.a.c.c.C.[.[localhost].[/journel] - Initializing Spring DispatcherServlet 'dispatcherServlet'
11:16:41.821 [http-nio-8002-exec-2] INFO  o.s.web.servlet.DispatcherServlet - Initializing Servlet 'dispatcherServlet'
11:16:41.822 [http-nio-8002-exec-2] INFO  o.s.web.servlet.DispatcherServlet - Completed initialization in 1 ms
11:16:42.269 [http-nio-8002-exec-2] ERROR c.example.demo.Service.ClientService - error occur for test 3
